<?xml version="1.0" encoding="UTF-8"?>
<robot generator="Robot 6.0.1 (Python 3.9.13 on win32)" generated="20230102 11:06:40.108" rpa="false" schemaversion="3">
<suite id="s1" name="Suites">
<suite id="s1-s1" name="Datadriven2" source="C:\Users\pradn\PycharmProjects\robotui\TestCases\datadriven2.robot">
<kw name="open my browser" library="login_resources" type="SETUP">
<kw name="Open Browser" library="SeleniumLibrary">
<arg>${url}</arg>
<arg>${browser}</arg>
<doc>Opens a new browser instance to the optional ``url``.</doc>
<msg timestamp="20230102 11:06:41.454" level="INFO">Opening browser 'Chrome' to base url 'https://admin-demo.nopcommerce.com/login?ReturnUrl=%2Fadmin%2F'.</msg>
<status status="PASS" starttime="20230102 11:06:41.453" endtime="20230102 11:06:43.879"/>
</kw>
<kw name="Maximize Browser Window" library="SeleniumLibrary">
<doc>Maximizes current browser window.</doc>
<status status="PASS" starttime="20230102 11:06:43.880" endtime="20230102 11:06:44.016"/>
</kw>
<status status="PASS" starttime="20230102 11:06:41.452" endtime="20230102 11:06:44.016"/>
</kw>
<test id="s1-s1-t1" name="Logintestwithexcel" line="11">
<kw name="Invalid Login">
<arg>admin@yourstore.com</arg>
<arg>adm</arg>
<kw name="Inputusername" library="login_resources">
<arg>${username}</arg>
<kw name="Input Text" library="SeleniumLibrary">
<arg>id:Email</arg>
<arg>${username}</arg>
<doc>Types the given ``text`` into the text field identified by ``locator``.</doc>
<msg timestamp="20230102 11:06:44.027" level="INFO">Typing text 'admin@yourstore.com' into text field 'id:Email'.</msg>
<status status="PASS" starttime="20230102 11:06:44.023" endtime="20230102 11:06:44.241"/>
</kw>
<status status="PASS" starttime="20230102 11:06:44.021" endtime="20230102 11:06:44.242"/>
</kw>
<kw name="inputpassword" library="login_resources">
<arg>${password}</arg>
<kw name="Input Text" library="SeleniumLibrary">
<arg>id:Password</arg>
<arg>${password}</arg>
<doc>Types the given ``text`` into the text field identified by ``locator``.</doc>
<msg timestamp="20230102 11:06:44.245" level="INFO">Typing text 'adm' into text field 'id:Password'.</msg>
<status status="PASS" starttime="20230102 11:06:44.244" endtime="20230102 11:06:44.374"/>
</kw>
<status status="PASS" starttime="20230102 11:06:44.242" endtime="20230102 11:06:44.375"/>
</kw>
<kw name="clicklogin" library="login_resources">
<kw name="Click Element" library="SeleniumLibrary">
<arg>xpath://button[@type='submit']</arg>
<doc>Click the element identified by ``locator``.</doc>
<msg timestamp="20230102 11:06:44.377" level="INFO">Clicking element 'xpath://button[@type='submit']'.</msg>
<status status="PASS" starttime="20230102 11:06:44.376" endtime="20230102 11:06:44.606"/>
</kw>
<status status="PASS" starttime="20230102 11:06:44.375" endtime="20230102 11:06:44.607"/>
</kw>
<kw name="error message should be visible" library="login_resources">
<kw name="Page Should Contain" library="SeleniumLibrary">
<arg>Login was unsuccessful</arg>
<doc>Verifies that current page contains ``text``.</doc>
<msg timestamp="20230102 11:06:44.630" level="INFO">Current page contains text 'Login was unsuccessful'.</msg>
<status status="PASS" starttime="20230102 11:06:44.608" endtime="20230102 11:06:44.630"/>
</kw>
<status status="PASS" starttime="20230102 11:06:44.607" endtime="20230102 11:06:44.631"/>
</kw>
<status status="PASS" starttime="20230102 11:06:44.019" endtime="20230102 11:06:44.631"/>
</kw>
<status status="PASS" starttime="20230102 11:06:44.016" endtime="20230102 11:06:44.631"/>
</test>
<test id="s1-s1-t2" name="Logintestwithexcel" line="11">
<kw name="Invalid Login">
<arg>adm@yourstore.com</arg>
<arg>admin</arg>
<kw name="Inputusername" library="login_resources">
<arg>${username}</arg>
<kw name="Input Text" library="SeleniumLibrary">
<arg>id:Email</arg>
<arg>${username}</arg>
<doc>Types the given ``text`` into the text field identified by ``locator``.</doc>
<msg timestamp="20230102 11:06:44.638" level="INFO">Typing text 'adm@yourstore.com' into text field 'id:Email'.</msg>
<status status="PASS" starttime="20230102 11:06:44.637" endtime="20230102 11:06:44.792"/>
</kw>
<status status="PASS" starttime="20230102 11:06:44.636" endtime="20230102 11:06:44.793"/>
</kw>
<kw name="inputpassword" library="login_resources">
<arg>${password}</arg>
<kw name="Input Text" library="SeleniumLibrary">
<arg>id:Password</arg>
<arg>${password}</arg>
<doc>Types the given ``text`` into the text field identified by ``locator``.</doc>
<msg timestamp="20230102 11:06:44.795" level="INFO">Typing text 'admin' into text field 'id:Password'.</msg>
<status status="PASS" starttime="20230102 11:06:44.794" endtime="20230102 11:06:44.922"/>
</kw>
<status status="PASS" starttime="20230102 11:06:44.793" endtime="20230102 11:06:44.923"/>
</kw>
<kw name="clicklogin" library="login_resources">
<kw name="Click Element" library="SeleniumLibrary">
<arg>xpath://button[@type='submit']</arg>
<doc>Click the element identified by ``locator``.</doc>
<msg timestamp="20230102 11:06:44.925" level="INFO">Clicking element 'xpath://button[@type='submit']'.</msg>
<status status="PASS" starttime="20230102 11:06:44.924" endtime="20230102 11:06:45.132"/>
</kw>
<status status="PASS" starttime="20230102 11:06:44.923" endtime="20230102 11:06:45.132"/>
</kw>
<kw name="error message should be visible" library="login_resources">
<kw name="Page Should Contain" library="SeleniumLibrary">
<arg>Login was unsuccessful</arg>
<doc>Verifies that current page contains ``text``.</doc>
<msg timestamp="20230102 11:06:45.158" level="INFO">Current page contains text 'Login was unsuccessful'.</msg>
<status status="PASS" starttime="20230102 11:06:45.133" endtime="20230102 11:06:45.158"/>
</kw>
<status status="PASS" starttime="20230102 11:06:45.133" endtime="20230102 11:06:45.158"/>
</kw>
<status status="PASS" starttime="20230102 11:06:44.635" endtime="20230102 11:06:45.159"/>
</kw>
<status status="PASS" starttime="20230102 11:06:44.632" endtime="20230102 11:06:45.160"/>
</test>
<test id="s1-s1-t3" name="Logintestwithexcel" line="11">
<kw name="Invalid Login">
<arg>adm@yourstore.com</arg>
<arg>admin</arg>
<kw name="Inputusername" library="login_resources">
<arg>${username}</arg>
<kw name="Input Text" library="SeleniumLibrary">
<arg>id:Email</arg>
<arg>${username}</arg>
<doc>Types the given ``text`` into the text field identified by ``locator``.</doc>
<msg timestamp="20230102 11:06:45.167" level="INFO">Typing text 'adm@yourstore.com' into text field 'id:Email'.</msg>
<status status="PASS" starttime="20230102 11:06:45.165" endtime="20230102 11:06:45.348"/>
</kw>
<status status="PASS" starttime="20230102 11:06:45.165" endtime="20230102 11:06:45.348"/>
</kw>
<kw name="inputpassword" library="login_resources">
<arg>${password}</arg>
<kw name="Input Text" library="SeleniumLibrary">
<arg>id:Password</arg>
<arg>${password}</arg>
<doc>Types the given ``text`` into the text field identified by ``locator``.</doc>
<msg timestamp="20230102 11:06:45.353" level="INFO">Typing text 'admin' into text field 'id:Password'.</msg>
<status status="PASS" starttime="20230102 11:06:45.350" endtime="20230102 11:06:45.489"/>
</kw>
<status status="PASS" starttime="20230102 11:06:45.349" endtime="20230102 11:06:45.490"/>
</kw>
<kw name="clicklogin" library="login_resources">
<kw name="Click Element" library="SeleniumLibrary">
<arg>xpath://button[@type='submit']</arg>
<doc>Click the element identified by ``locator``.</doc>
<msg timestamp="20230102 11:06:45.491" level="INFO">Clicking element 'xpath://button[@type='submit']'.</msg>
<status status="PASS" starttime="20230102 11:06:45.491" endtime="20230102 11:06:45.702"/>
</kw>
<status status="PASS" starttime="20230102 11:06:45.490" endtime="20230102 11:06:45.703"/>
</kw>
<kw name="error message should be visible" library="login_resources">
<kw name="Page Should Contain" library="SeleniumLibrary">
<arg>Login was unsuccessful</arg>
<doc>Verifies that current page contains ``text``.</doc>
<msg timestamp="20230102 11:06:45.725" level="INFO">Current page contains text 'Login was unsuccessful'.</msg>
<status status="PASS" starttime="20230102 11:06:45.705" endtime="20230102 11:06:45.725"/>
</kw>
<status status="PASS" starttime="20230102 11:06:45.704" endtime="20230102 11:06:45.725"/>
</kw>
<status status="PASS" starttime="20230102 11:06:45.164" endtime="20230102 11:06:45.726"/>
</kw>
<status status="PASS" starttime="20230102 11:06:45.161" endtime="20230102 11:06:45.726"/>
</test>
<kw name="Close browsers" library="login_resources" type="TEARDOWN">
<kw name="Close All Browsers" library="SeleniumLibrary">
<doc>Closes all open browsers and resets the browser cache.</doc>
<status status="PASS" starttime="20230102 11:06:45.728" endtime="20230102 11:06:52.034"/>
</kw>
<status status="PASS" starttime="20230102 11:06:45.727" endtime="20230102 11:06:52.034"/>
</kw>
<doc>Simple example using SeleniumLibrary.</doc>
<status status="PASS" starttime="20230102 11:06:40.148" endtime="20230102 11:06:52.035"/>
</suite>
<status status="PASS" starttime="20230102 11:06:40.123" endtime="20230102 11:06:52.036"/>
</suite>
<statistics>
<total>
<stat pass="3" fail="0" skip="0">All Tests</stat>
</total>
<tag>
</tag>
<suite>
<stat pass="3" fail="0" skip="0" id="s1" name="Suites">Suites</stat>
<stat pass="3" fail="0" skip="0" id="s1-s1" name="Datadriven2">Suites.Datadriven2</stat>
</suite>
</statistics>
<errors>
<msg timestamp="20230102 11:06:44.632" level="WARN">Multiple tests with name 'Logintestwithexcel' executed in suite 'Suites.Datadriven2'.</msg>
<msg timestamp="20230102 11:06:45.161" level="WARN">Multiple tests with name 'Logintestwithexcel' executed in suite 'Suites.Datadriven2'.</msg>
</errors>
</robot>
